make all --print-data-base --no-builtin-variables --no-builtin-rules --question
make: *** No rule to make target 'all'.  Stop.

# GNU Make 4.2.1
# Built for x86_64-pc-linux-gnu
# Copyright (C) 1988-2016 Free Software Foundation, Inc.
# License GPLv3+: GNU GPL version 3 or later <http://gnu.org/licenses/gpl.html>
# This is free software: you are free to change and redistribute it.
# There is NO WARRANTY, to the extent permitted by law.

# Make data base, printed on Fri Jun 10 09:45:09 2022

# Variables

# environment
GMXDATA = /home/lau/soft_install/gmx-2021.1/share/gromacs
# automatic
<D = $(patsubst %/,%,$(dir $<))
# automatic
?F = $(notdir $?)
# default
.SHELLFLAGS := -c
# makefile (from 'Makefile', line 13)
OBJ = $(patsubst %.cpp,${DIR_OBJ}/%.o,$(notdir ${SRC}))
# environment
SETVARS_COMPLETED = 1
# environment
XDG_SESSION_CLASS = user
# environment
VSCODE_AGENT_FOLDER = /home/lau/.vscode-server
# makefile (from 'Makefile', line 12)
SRC = $(wildcard ${DIR_SRC}/*.cpp)
# environment
VT_ROOT = /home/lau/soft_install/intel/oneapi/itac/2021.3.0
# environment
XDG_SESSION_TYPE = tty
# environment
VSCODE_LOG_NATIVE = false
# makefile (from 'Makefile', line 1)
TARGET = LauAnalysis
# automatic
?D = $(patsubst %/,%,$(dir $?))
# environment
ACL_BOARD_VENDOR_PATH = /opt/Intel/OpenCLFPGA/oneAPI/Boards
# environment
FPGA_VARS_DIR = /home/lau/soft_install/intel/oneapi/compiler/2021.3.0/linux/lib/oclfpga
# makefile (from 'Makefile', line 8)
DIR_SRC = src
# environment
CMPLR_ROOT = /home/lau/soft_install/intel/oneapi/compiler/2021.3.0
# automatic
@D = $(patsubst %/,%,$(dir $@))
# environment
CCL_CONFIGURATION = cpu_gpu_dpcpp
# default
MAKE_VERSION := 4.2.1
# makefile
CURDIR := /home/lau/ljc/Learn_C++/LauT
# makefile
SHELL = /bin/sh
# environment
VSCODE_NLS_CONFIG = {"locale":"zh-cn","availableLanguages":{"*":"zh-cn"},"_languagePackId":"42e84e0914b17800d483f69e299e1b00.zh-cn","_translationsConfigFile":"/home/lau/.vscode-server/data/clp/42e84e0914b17800d483f69e299e1b00.zh-cn/tcf.json","_cacheRoot":"/home/lau/.vscode-server/data/clp/42e84e0914b17800d483f69e299e1b00.zh-cn","_resolvedLanguagePackCoreLocation":"/home/lau/.vscode-server/data/clp/42e84e0914b17800d483f69e299e1b00.zh-cn/c3511e6c69bb39013c4a4b7b9566ec1ca73fc4d5","_corruptedFile":"/home/lau/.vscode-server/data/clp/42e84e0914b17800d483f69e299e1b00.zh-cn/corrupted.info","_languagePackSupport":true}
# environment
INTEL_LICENSE_FILE = /opt/intel/licenses:/home/lau/intel/licenses:/home/lau/soft_install/intel/oneapi/clck/2021.3.0/licensing:/opt/intel/licenses:/home/lau/intel/licenses:/Users/Shared/Library/Application Support/Intel/Licenses
# environment
_ = /home/lau/.vscode-server/bin/c3511e6c69bb39013c4a4b7b9566ec1ca73fc4d5/node
# environment
GAUSS_BSDDIR = /home/lau/soft_install/g16/bsd
# makefile (from 'Makefile', line 3)
CFLAGS = -O3  -g -Wall -I${DIR_INC}
# environment
PERLLIB = /home/lau/soft_install/gauopen:/home/lau/soft_install/g16/bsd:/home/lau/soft_install/g16
# makefile (from 'Makefile', line 1)
MAKEFILE_LIST :=  Makefile
# automatic
@F = $(notdir $@)
# environment
APM = /home/lau/soft_install/intel/oneapi/advisor/2021.3.0/perfmodels
# 'override' directive
GNUMAKEFLAGS := 
# environment
TBBROOT = /home/lau/soft_install/intel/oneapi/tbb/2021.3.0/env/..
# environment
XDG_DATA_DIRS = /usr/local/share:/usr/share:/var/lib/snapd/desktop
# environment
DBUS_SESSION_BUS_ADDRESS = unix:path=/run/user/1000/bus
# environment
VSCODE_VERBOSE_LOGGING = true
# environment
IPPCP_TARGET_ARCH = intel64
# environment
INFOPATH = /home/lau/soft_install/intel/oneapi/debugger/10.1.2/gdb/intel64/lib
# environment
G16BASIS = /home/lau/soft_install/g16/basis
# environment
CCL_ROOT = /home/lau/soft_install/intel/oneapi/ccl/2021.3.0
# environment
FI_PROVIDER_PATH = /home/lau/soft_install/intel/oneapi/mpi/2021.3.0//libfabric/lib/prov:/usr/lib64/libfabric
# environment
LESSOPEN = | /usr/bin/lesspipe %s
# environment
VSCODE_HANDLES_SIGPIPE = true
# environment
LC_NAME = zh_CN.UTF-8
# environment
VT_SLIB_DIR = /home/lau/soft_install/intel/oneapi/itac/2021.3.0/slib
# environment
VSCODE_CWD = /home/lau
# environment
OCL_ICD_FILENAMES = libintelocl_emu.so:libalteracl.so:/home/lau/soft_install/intel/oneapi/compiler/2021.3.0/linux/lib/x64/libintelocl.so
# environment
SSH_CONNECTION = 222.29.104.22 3329 162.105.227.158 22
# environment
PATH = /home/lau/.vscode-server/bin/c3511e6c69bb39013c4a4b7b9566ec1ca73fc4d5/bin/remote-cli:/home/lau/ljc/Learn_C++/LauT/bin:/home/lau/soft_install/atat/bin:/home/lau/ljc/Learn_C++/Modified_D310:/home/lau/soft_install/gmx-2021.1/bin:/home/lau/soft_install/VESTA-gtk3:/home/lau/soft_install/ovito-basic-3.7.4-x86_64/bin:/home/lau/soft_install/Multiwfn_3.8_dev_bin_Linux:/home/lau/soft_install/xtb/bin:/home/lau/soft_install/packmol:/home/lau/soft_install/intel/oneapi/vtune/2021.5.0/bin64:/home/lau/soft_install/intel/oneapi/vpl/2021.4.0/bin:/home/lau/soft_install/intel/oneapi/mpi/2021.3.0//libfabric/bin:/home/lau/soft_install/intel/oneapi/mpi/2021.3.0//bin:/home/lau/soft_install/intel/oneapi/mkl/2021.3.0/bin/intel64:/home/lau/soft_install/intel/oneapi/itac/2021.3.0/bin:/home/lau/soft_install/intel/oneapi/intelpython/latest/bin:/home/lau/soft_install/intel/oneapi/inspector/2021.3.0/bin64:/home/lau/soft_install/intel/oneapi/dpcpp-ct/2021.3.0/bin:/home/lau/soft_install/intel/oneapi/dev-utilities/2021.3.0/bin:/home/lau/soft_install/intel/oneapi/debugger/10.1.2/gdb/intel64/bin:/home/lau/soft_install/intel/oneapi/compiler/2021.3.0/linux/lib/oclfpga/llvm/aocl-bin:/home/lau/soft_install/intel/oneapi/compiler/2021.3.0/linux/lib/oclfpga/bin:/home/lau/soft_install/intel/oneapi/compiler/2021.3.0/linux/bin/intel64:/home/lau/soft_install/intel/oneapi/compiler/2021.3.0/linux/bin:/home/lau/soft_install/intel/oneapi/clck/2021.3.0/bin/intel64:/home/lau/soft_install/intel/oneapi/advisor/2021.3.0/bin64:/home/lau/soft_install/deepmd-kit-2.1.1/bin:/usr/local/cuda-11.6/bin:/home/lau/anaconda3/condabin:/usr/local/sbin:/usr/local/bin:/usr/sbin:/usr/bin:/sbin:/bin:/usr/games:/usr/local/games:/snap/bin:/home/lau/soft_install/gauopen:/home/lau/soft_install/g16/bsd:/home/lau/soft_install/g16:/home/lau/soft_install/amber18/bin
# environment
CLCK_ROOT = /home/lau/soft_install/intel/oneapi/clck/2021.3.0
# environment
LC_ADDRESS = zh_CN.UTF-8
# environment
GV_DIR = /home/lau/soft_install/gv
# environment
LIBRARY_PATH = /home/lau/soft_install/intel/oneapi/vpl/2021.4.0/lib:/home/lau/soft_install/intel/oneapi/tbb/2021.3.0/env/../lib/intel64/gcc4.8:/home/lau/soft_install/intel/oneapi/mpi/2021.3.0//libfabric/lib:/home/lau/soft_install/intel/oneapi/mpi/2021.3.0//lib/release:/home/lau/soft_install/intel/oneapi/mpi/2021.3.0//lib:/home/lau/soft_install/intel/oneapi/mkl/2021.3.0/lib/intel64:/home/lau/soft_install/intel/oneapi/ipp/2021.3.0/lib/intel64:/home/lau/soft_install/intel/oneapi/ippcp/2021.3.0/lib/intel64:/home/lau/soft_install/intel/oneapi/ipp/2021.3.0/lib/intel64:/home/lau/soft_install/intel/oneapi/dnnl/2021.3.0/cpu_dpcpp_gpu_dpcpp/lib:/home/lau/soft_install/intel/oneapi/dal/2021.3.0/lib/intel64:/home/lau/soft_install/intel/oneapi/compiler/2021.3.0/linux/compiler/lib/intel64_lin:/home/lau/soft_install/intel/oneapi/compiler/2021.3.0/linux/lib:/home/lau/soft_install/intel/oneapi/clck/2021.3.0/lib/intel64:/home/lau/soft_install/intel/oneapi/ccl/2021.3.0/lib/cpu_gpu_dpcpp
# environment
INTEL_PYTHONHOME = /home/lau/soft_install/intel/oneapi/debugger/10.1.2/dep
# environment
CPATH = /home/lau/soft_install/intel/oneapi/vpl/2021.4.0/include:/home/lau/soft_install/intel/oneapi/tbb/2021.3.0/env/../include:/home/lau/soft_install/intel/oneapi/mpi/2021.3.0//include:/home/lau/soft_install/intel/oneapi/mkl/2021.3.0/include:/home/lau/soft_install/intel/oneapi/ipp/2021.3.0/include:/home/lau/soft_install/intel/oneapi/ippcp/2021.3.0/include:/home/lau/soft_install/intel/oneapi/ipp/2021.3.0/include:/home/lau/soft_install/intel/oneapi/dpl/2021.4.0/linux/include:/home/lau/soft_install/intel/oneapi/dpcpp-ct/2021.3.0/include:/home/lau/soft_install/intel/oneapi/dnnl/2021.3.0/cpu_dpcpp_gpu_dpcpp/lib:/home/lau/soft_install/intel/oneapi/dev-utilities/2021.3.0/include:/home/lau/soft_install/intel/oneapi/dal/2021.3.0/include:/home/lau/soft_install/intel/oneapi/compiler/2021.3.0/linux/include:/home/lau/soft_install/intel/oneapi/ccl/2021.3.0/include/cpu_gpu_dpcpp
# environment
GROMACS_DIR = /home/lau/soft_install/gmx-2021.1
# environment
SETVARS_VARS_PATH = /home/lau/soft_install/intel/oneapi/vtune/latest/env/vars.sh
# environment
g16root = /home/lau/soft_install
# environment
ONEAPI_ROOT = /home/lau/soft_install/intel/oneapi
# environment
CONDA_PREFIX = /home/lau/soft_install/intel/oneapi/intelpython/latest
# environment
VSCODE_LOG_STACK = false
# environment
LC_NUMERIC = zh_CN.UTF-8
# environment
VSCODE_IPC_HOOK_CLI = /run/user/1000/vscode-ipc-b4bb9572-4e30-49c8-a5c2-31e11af54d3e.sock
# default
.FEATURES := target-specific order-only second-expansion else-if shortest-stem undefine oneshell archives jobserver output-sync check-symlink load
# environment
CMAKE_PREFIX_PATH = /home/lau/soft_install/intel/oneapi/vpl/2021.4.0:/home/lau/soft_install/intel/oneapi/tbb/2021.3.0/env/..:/home/lau/soft_install/intel/oneapi/dal/2021.3.0
# environment
LS_COLORS = 
# environment
CPLUS_INCLUDE_PATH = /home/lau/soft_install/intel/oneapi/clck/2021.3.0/include
# automatic
%F = $(notdir $%)
# environment
APTH = /home/lau/soft_install/acpype-master:/home/lau/soft_install/intel/oneapi/vtune/2021.5.0/bin64:/home/lau/soft_install/intel/oneapi/vpl/2021.4.0/bin:/home/lau/soft_install/intel/oneapi/mpi/2021.3.0//libfabric/bin:/home/lau/soft_install/intel/oneapi/mpi/2021.3.0//bin:/home/lau/soft_install/intel/oneapi/mkl/2021.3.0/bin/intel64:/home/lau/soft_install/intel/oneapi/itac/2021.3.0/bin:/home/lau/soft_install/intel/oneapi/intelpython/latest/bin:/home/lau/soft_install/intel/oneapi/inspector/2021.3.0/bin64:/home/lau/soft_install/intel/oneapi/dpcpp-ct/2021.3.0/bin:/home/lau/soft_install/intel/oneapi/dev-utilities/2021.3.0/bin:/home/lau/soft_install/intel/oneapi/debugger/10.1.2/gdb/intel64/bin:/home/lau/soft_install/intel/oneapi/compiler/2021.3.0/linux/lib/oclfpga/llvm/aocl-bin:/home/lau/soft_install/intel/oneapi/compiler/2021.3.0/linux/lib/oclfpga/bin:/home/lau/soft_install/intel/oneapi/compiler/2021.3.0/linux/bin/intel64:/home/lau/soft_install/intel/oneapi/compiler/2021.3.0/linux/bin:/home/lau/soft_install/intel/oneapi/clck/2021.3.0/bin/intel64:/home/lau/soft_install/intel/oneapi/advisor/2021.3.0/bin64:/home/lau/soft_install/deepmd-kit-2.1.1/bin:/usr/local/cuda-11.6/bin:/home/lau/anaconda3/condabin:/usr/local/sbin:/usr/local/bin:/usr/sbin:/usr/bin:/sbin:/bin:/usr/games:/usr/local/games:/snap/bin:/home/lau/soft_install/gauopen:/home/lau/soft_install/g16/bsd:/home/lau/soft_install/g16:/home/lau/soft_install/amber18/bin
# environment
CONDA_EXE = /home/lau/soft_install/intel/oneapi/intelpython/latest/bin/conda
# environment
GAUSS_LEXEDIR = /home/lau/soft_install/g16/linda-exe
# environment
VSCODE_PIPE_LOGGING = true
# environment
PWD = /home/lau/ljc/Learn_C++/LauT
# default
.LOADED := 
# automatic
*D = $(patsubst %/,%,$(dir $*))
# environment
PKG_CONFIG_PATH = /home/lau/soft_install/gmx-2021.1/lib/pkgconfig:/home/lau/soft_install/intel/oneapi/vtune/2021.5.0/include/pkgconfig/lib64:/home/lau/soft_install/intel/oneapi/vpl/2021.4.0/lib/pkgconfig:/home/lau/soft_install/intel/oneapi/mkl/2021.3.0/tools/pkgconfig:/home/lau/soft_install/intel/oneapi/inspector/2021.3.0/include/pkgconfig/lib64:/home/lau/soft_install/intel/oneapi/advisor/2021.3.0/include/pkgconfig/lib64:
# environment
DPCT_BUNDLE_ROOT = /home/lau/soft_install/intel/oneapi/dpcpp-ct/2021.3.0
# environment
DAL_MAJOR_BINARY = 1
# makefile (from 'Makefile', line 7)
DIR_INC = include
# environment
MANPATH = /home/lau/soft_install/gmx-2021.1/share/man:/home/lau/soft_install/intel/oneapi/mpi/2021.3.0/man:/home/lau/soft_install/intel/oneapi/itac/2021.3.0/man:/home/lau/soft_install/intel/oneapi/debugger/10.1.2/documentation/man:/home/lau/soft_install/intel/oneapi/compiler/2021.3.0/documentation/en/man/common:/home/lau/soft_install/intel/oneapi/clck/2021.3.0/man::
# environment
VSCODE_AMD_ENTRYPOINT = vs/workbench/api/node/extensionHostProcess
# environment
HOME = /home/lau
# environment
GMXMAN = /home/lau/soft_install/gmx-2021.1/share/man
# environment
VT_LIB_DIR = /home/lau/soft_install/intel/oneapi/itac/2021.3.0/lib
# environment
LD_LIBRARY_PATH = /home/lau/soft_install/gmx-2021.1/lib:/home/lau/soft_install/g16/bsd:/home/lau/soft_install/g16:/home/lau/soft_install/intel/oneapi/vpl/2021.4.0/lib:/home/lau/soft_install/intel/oneapi/tbb/2021.3.0/env/../lib/intel64/gcc4.8:/home/lau/soft_install/intel/oneapi/mpi/2021.3.0//libfabric/lib:/home/lau/soft_install/intel/oneapi/mpi/2021.3.0//lib/release:/home/lau/soft_install/intel/oneapi/mpi/2021.3.0//lib:/home/lau/soft_install/intel/oneapi/mkl/2021.3.0/lib/intel64:/home/lau/soft_install/intel/oneapi/itac/2021.3.0/slib:/home/lau/soft_install/intel/oneapi/ipp/2021.3.0/lib/intel64:/home/lau/soft_install/intel/oneapi/ippcp/2021.3.0/lib/intel64:/home/lau/soft_install/intel/oneapi/ipp/2021.3.0/lib/intel64:/home/lau/soft_install/intel/oneapi/dnnl/2021.3.0/cpu_dpcpp_gpu_dpcpp/lib:/home/lau/soft_install/intel/oneapi/debugger/10.1.2/gdb/intel64/lib:/home/lau/soft_install/intel/oneapi/debugger/10.1.2/libipt/intel64/lib:/home/lau/soft_install/intel/oneapi/debugger/10.1.2/dep/lib:/home/lau/soft_install/intel/oneapi/dal/2021.3.0/lib/intel64:/home/lau/soft_install/intel/oneapi/compiler/2021.3.0/linux/lib:/home/lau/soft_install/intel/oneapi/compiler/2021.3.0/linux/lib/x64:/home/lau/soft_install/intel/oneapi/compiler/2021.3.0/linux/lib/emu:/home/lau/soft_install/intel/oneapi/compiler/2021.3.0/linux/lib/oclfpga/host/linux64/lib:/home/lau/soft_install/intel/oneapi/compiler/2021.3.0/linux/lib/oclfpga/linux64/lib:/home/lau/soft_install/intel/oneapi/compiler/2021.3.0/linux/compiler/lib/intel64_lin:/home/lau/soft_install/intel/oneapi/ccl/2021.3.0/lib/cpu_gpu_dpcpp::/usr/local/cuda-11.6/lib64:/home/lau/soft_install/gv/lib:/home/lau/soft_install/amber18/lib
# environment
VT_ADD_LIBS = -ldwarf -lelf -lvtunwind -lm -lpthread
# environment
VT_MPI = impi4
# environment
IPP_TARGET_ARCH = intel64
# environment
LOGNAME = lau
# environment
APPLICATION_INSIGHTS_NO_DIAGNOSTIC_CHANNEL = 1
# environment
CONDA_PROMPT_MODIFIER = (intelpython-python3.7) 
# automatic
+F = $(notdir $+)
# environment
LESSCLOSE = /usr/bin/lesspipe %s %s
# makefile (from 'Makefile', line 15)
BIN_TARGET = ${DIR_BIN}/${TARGET}
# environment
VSCODE_HANDLES_UNCAUGHT_ERRORS = true
# automatic
^D = $(patsubst %/,%,$(dir $^))
# environment
LC_TIME = zh_CN.UTF-8
# environment
CONDA_DEFAULT_ENV = intelpython-python3.7
# default
MAKE = $(MAKE_COMMAND)
# environment
FPGA_VARS_ARGS = 
# default
MAKECMDGOALS := all
# environment
SHLVL = 0
# makefile (from 'Makefile', line 2)
CC = mpiicc
# environment
XDG_SESSION_ID = 2168
# environment
AMBERHOME = /home/lau/soft_install/amber18
# environment
USER = lau
# environment
MKLROOT = /home/lau/soft_install/intel/oneapi/mkl/2021.3.0
# environment
LC_MONETARY = zh_CN.UTF-8
# makefile
.DEFAULT_GOAL := bin/LauAnalysis
# environment
CLASSPATH = /home/lau/soft_install/intel/oneapi/mpi/2021.3.0//lib/mpi.jar:/home/lau/soft_install/intel/oneapi/dal/2021.3.0/lib/onedal.jar
# environment
INSPECTOR_2021_DIR = /home/lau/soft_install/intel/oneapi/inspector/2021.3.0
# automatic
%D = $(patsubst %/,%,$(dir $%))
# environment
LC_TELEPHONE = zh_CN.UTF-8
# makefile (from 'Makefile', line 9)
DIR_OBJ = obj
# environment
CONDA_SHLVL = 1
# environment
GMXBIN = /home/lau/soft_install/gmx-2021.1/bin
# default
MAKE_COMMAND := make
# default
.VARIABLES := 
# automatic
*F = $(notdir $*)
# environment
DNNLROOT = /home/lau/soft_install/intel/oneapi/dnnl/2021.3.0/cpu_dpcpp_gpu_dpcpp
# environment
ADVISOR_2021_DIR = /home/lau/soft_install/intel/oneapi/advisor/2021.3.0
# environment
PYTHONPATH = /home/lau/soft_install/intel/oneapi/advisor/2021.3.0/pythonapi:/home/lau/soft_install/gauopen:/home/lau/soft_install/g16/bsd:/home/lau/soft_install/g16
# makefile
MAKEFLAGS = pqrR
# environment
_DSM_BARRIER = SHM
# environment
MFLAGS = -pqrR
# environment
SSH_CLIENT = 222.29.104.22 3329 22
# makefile (from 'Makefile', line 10)
DIR_BIN = bin
# automatic
+D = $(patsubst %/,%,$(dir $+))
# environment
DALROOT = /home/lau/soft_install/intel/oneapi/dal/2021.3.0
# environment
KMP_STACKSIZE = 2000M
# environment
DPL_ROOT = /home/lau/soft_install/intel/oneapi/dpl/2021.4.0
# environment
BROWSER = /home/lau/.vscode-server/bin/c3511e6c69bb39013c4a4b7b9566ec1ca73fc4d5/bin/helpers/browser.sh
# environment
I_MPI_ROOT = /home/lau/soft_install/intel/oneapi/mpi/2021.3.0
# environment
MAKELEVEL := 0
# environment
IPPROOT = /home/lau/soft_install/intel/oneapi/ipp/2021.3.0
# environment
GAUSS_SCRDIR = /home/lau/soft_install/g16/scratch
# environment
GMXLDLIB = /home/lau/soft_install/gmx-2021.1/lib
# default
MAKEFILES := 
# environment
GAUSS_ARCHDIR = /home/lau/soft_install/g16/arch
# environment
DAL_MINOR_BINARY = 1
# automatic
<F = $(notdir $<)
# makefile (from 'Makefile', line 4)
HONG = -D__MPI
# automatic
^F = $(notdir $^)
# environment
LC_MEASUREMENT = zh_CN.UTF-8
# environment
LC_ALL = C
# environment
CONDA_PYTHON_EXE = /home/lau/soft_install/intel/oneapi/intelpython/latest/bin/python
# environment
DAALROOT = /home/lau/soft_install/intel/oneapi/dal/2021.3.0
# environment
LC_PAPER = zh_CN.UTF-8
# environment
GAUSS_EXEDIR = /home/lau/soft_install/g16/bsd:/home/lau/soft_install/g16
# default
SUFFIXES := 
# environment
_CE_M = 
# environment
NLSPATH = /home/lau/soft_install/intel/oneapi/mkl/2021.3.0/lib/intel64/locale/%l_%t/%N
# environment
INTELFPGAOCLSDKROOT = /home/lau/soft_install/intel/oneapi/compiler/2021.3.0/linux/lib/oclfpga
# default
.INCLUDE_DIRS = /usr/include /usr/local/include /usr/include
# environment
LC_IDENTIFICATION = zh_CN.UTF-8
# default
.RECIPEPREFIX := 
# environment
VTUNE_PROFILER_2021_DIR = /home/lau/soft_install/intel/oneapi/vtune/2021.5.0
# environment
PGI_TERM = trace,abort
# default
 
MAKE_HOST := x86_64-pc-linux-gnu
# environment
XDG_RUNTIME_DIR = /run/user/1000
# environment
LANG = C
# environment
VSCODE_EXTHOST_WILL_SEND_SOCKET = true
# environment
MOTD_SHOWN = pam
# environment
_CE_CONDA = 
# environment
IPPCRYPTOROOT = /home/lau/soft_install/intel/oneapi/ippcp/2021.3.0
# variable set hash-table stats:
# Load=166/1024=16%, Rehash=0, Collisions=26/204=13%

# Pattern-specific Variable Values

# No pattern-specific variable values.

# Directories

# . (device 2064, inode 187703297): 12 files, no impossibilities.
# src (device 2064, inode 187698300): 11 files, no impossibilities.

# 23 files, no impossibilities in 2 directories.

# Implicit Rules

obj/%.o: src/%.cpp obj
#  recipe to execute (from 'Makefile', line 20):
	$(CC) $(CFLAGS) -c  ${HONG}  $< -o $@

# 1 implicit rules, 0 (0.0%) terminal.

# Files

bin/LauAnalysis: obj/input.o obj/number_density.o obj/atom.o obj/cell.o obj/global_functions.o obj/LAMMPS.o obj/cellFile.o obj/conver2PDB.o obj/main.o bin
#  Implicit rule search has not been done.
#  Modification time never checked.
#  File has not been updated.
#  recipe to execute (from 'Makefile', line 18):
	$(CC) $(OBJ)  -o $@

# Not a target:
obj/cell.o:
#  Implicit rule search has not been done.
#  Modification time never checked.
#  File has not been updated.

# Not a target:
all:
#  Command line target.
#  Implicit rule search has been done.
#  File does not exist.
#  File has not been updated.

bin:
#  Implicit rule search has not been done.
#  Modification time never checked.
#  File has not been updated.
#  recipe to execute (from 'Makefile', line 23):
	@-mkdir ${DIR_BIN}

# Not a target:
obj/cellFile.o:
#  Implicit rule search has not been done.
#  Modification time never checked.
#  File has not been updated.

.PHONY: clean
#  Implicit rule search has not been done.
#  Modification time never checked.
#  File has not been updated.

# Not a target:
obj/atom.o:
#  Implicit rule search has not been done.
#  Modification time never checked.
#  File has not been updated.

# Not a target:
obj/main.o:
#  Implicit rule search has not been done.
#  Modification time never checked.
#  File has not been updated.

# Not a target:
Makefile:
#  Implicit rule search has been done.
#  Last modified 2022-06-08 21:25:25.911962225
#  File has been updated.
#  Successfully updated.

# Not a target:
obj/LAMMPS.o:
#  Implicit rule search has not been done.
#  Modification time never checked.
#  File has not been updated.

# Not a target:
obj/global_functions.o:
#  Implicit rule search has not been done.
#  Modification time never checked.
#  File has not been updated.

# Not a target:
obj/number_density.o:
#  Implicit rule search has not been done.
#  Modification time never checked.
#  File has not been updated.

# Not a target:
obj/input.o:
#  Implicit rule search has not been done.
#  Modification time never checked.
#  File has not been updated.

obj:
#  Implicit rule search has not been done.
#  Modification time never checked.
#  File has not been updated.
#  recipe to execute (from 'Makefile', line 25):
	@-mkdir ${DIR_OBJ}

# Not a target:
.DEFAULT:
#  Implicit rule search has not been done.
#  Modification time never checked.
#  File has not been updated.

clean:
#  Phony target (prerequisite of .PHONY).
#  Implicit rule search has not been done.
#  File does not exist.
#  File has not been updated.
#  recipe to execute (from 'Makefile', line 29):
	rm ${DIR_OBJ}/*.o  
	rm -rf $(BIN_TARGET)

# Not a target:
obj/conver2PDB.o:
#  Implicit rule search has not been done.
#  Modification time never checked.
#  File has not been updated.

# files hash-table stats:
# Load=18/1024=2%, Rehash=0, Collisions=0/41=0%
# VPATH Search Paths

# No 'vpath' search paths.

# No general ('VPATH' variable) search path.

# strcache buffers: 1 (0) / strings = 40 / storage = 422 B / avg = 10 B
# current buf: size = 8162 B / used = 422 B / count = 40 / avg = 10 B

# strcache performance: lookups = 57 / hit rate = 29%
# hash-table stats:
# Load=40/8192=0%, Rehash=0, Collisions=2/57=4%
# Finished Make data base on Fri Jun 10 09:45:09 2022

 
